<?xml version="1.0" encoding="UTF-8"?>
<!-- Generated by org.testng.reporters.JUnitReportReporter -->
<testsuite hostname="DHANVI-PC" name="com.TestCases.TestCase_NewPost_002" tests="1" failures="0" timestamp="9 May 2019 03:03:58 GMT" time="29.704" errors="0">
  <testcase name="TcPost" time="29.704" classname="com.TestCases.TestCase_NewPost_002"/>
</testsuite> <!-- com.TestCases.TestCase_NewPost_002 -->
