<?xml version="1.0" encoding="UTF-8"?>
<!-- Generated by org.testng.reporters.JUnitReportReporter -->
<testsuite hostname="DHANVI-PC" name="com.TestCases.TestCase_001" tests="1" failures="0" timestamp="8 May 2019 15:47:52 GMT" time="19.579" errors="0">
  <testcase name="Tclogin" time="19.579" classname="com.TestCases.TestCase_001"/>
</testsuite> <!-- com.TestCases.TestCase_001 -->
