<?xml version="1.0" encoding="UTF-8"?>
<!-- Generated by org.testng.reporters.JUnitReportReporter -->
<testsuite hostname="DHANVI-PC" name="NewTest" tests="1" failures="0" timestamp="13 Apr 2019 08:02:25 GMT" time="0.006" errors="0">
  <testcase name="f" time="0.006" classname="NewTest"/>
</testsuite> <!-- NewTest -->
