<?xml version="1.0" encoding="UTF-8"?>
<!-- Generated by org.testng.reporters.JUnitReportReporter -->
<testsuite hostname="DHANVI-PC" name="com.testcase.VerifyWordpressLogin" tests="1" failures="0" timestamp="23 May 2019 15:49:29 GMT" time="20.356" errors="0">
  <testcase name="verifyValidLogin" time="20.356" classname="com.testcase.VerifyWordpressLogin"/>
</testsuite> <!-- com.testcase.VerifyWordpressLogin -->
